This is pdfTeX, Version 3.14159265-2.6-1.40.21 (TeX Live 2020/W32TeX) (preloaded format=pdflatex 2022.2.20)  25 MAR 2022 20:17
entering extended mode
 restricted \write18 enabled.
 %&-line parsing enabled.
**code.tex
(./code.tex
LaTeX2e <2020-10-01> patch level 4
L3 programming layer <2021-02-18> (c:/Users/kewei/AppData/Roaming/TinyTeX/texmf
-dist/tex/latex/base/article.cls
Document Class: article 2020/04/10 v1.4m Standard LaTeX document class
(c:/Users/kewei/AppData/Roaming/TinyTeX/texmf-dist/tex/latex/base/size10.clo
File: size10.clo 2020/04/10 v1.4m Standard LaTeX file (size option)
)
\c@part=\count179
\c@section=\count180
\c@subsection=\count181
\c@subsubsection=\count182
\c@paragraph=\count183
\c@subparagraph=\count184
\c@figure=\count185
\c@table=\count186
\abovecaptionskip=\skip47
\belowcaptionskip=\skip48
\bibindent=\dimen138
)
(c:/Users/kewei/AppData/Roaming/TinyTeX/texmf-dist/tex/latex/etoolbox/etoolbox.
sty
Package: etoolbox 2020/10/05 v2.5k e-TeX tools for LaTeX (JAW)
\etb@tempcnta=\count187
)
(c:/Users/kewei/AppData/Roaming/TinyTeX/texmf-dist/tex/latex/amsmath/amsmath.st
y
Package: amsmath 2020/09/23 v2.17i AMS math features
\@mathmargin=\skip49
For additional information on amsmath, use the `?' option.

(c:/Users/kewei/AppData/Roaming/TinyTeX/texmf-dist/tex/latex/amsmath/amstext.st
y
Package: amstext 2000/06/29 v2.01 AMS text

(c:/Users/kewei/AppData/Roaming/TinyTeX/texmf-dist/tex/latex/amsmath/amsgen.sty
File: amsgen.sty 1999/11/30 v2.0 generic functions
\@emptytoks=\toks15
\ex@=\dimen139
))
(c:/Users/kewei/AppData/Roaming/TinyTeX/texmf-dist/tex/latex/amsmath/amsbsy.sty
Package: amsbsy 1999/11/29 v1.2d Bold Symbols
\pmbraise@=\dimen140
)
(c:/Users/kewei/AppData/Roaming/TinyTeX/texmf-dist/tex/latex/amsmath/amsopn.sty
Package: amsopn 2016/03/08 v2.02 operator names
)
\inf@bad=\count188
LaTeX Info: Redefining \frac on input line 234.
\uproot@=\count189
\leftroot@=\count190
LaTeX Info: Redefining \overline on input line 399.
\classnum@=\count191
\DOTSCASE@=\count192
LaTeX Info: Redefining \ldots on input line 496.
LaTeX Info: Redefining \dots on input line 499.
LaTeX Info: Redefining \cdots on input line 620.
\Mathstrutbox@=\box47
\strutbox@=\box48
\big@size=\dimen141
LaTeX Font Info:    Redeclaring font encoding OML on input line 743.
LaTeX Font Info:    Redeclaring font encoding OMS on input line 744.
\macc@depth=\count193
\c@MaxMatrixCols=\count194
\dotsspace@=\muskip16
\c@parentequation=\count195
\dspbrk@lvl=\count196
\tag@help=\toks16
\row@=\count197
\column@=\count198
\maxfields@=\count199
\andhelp@=\toks17
\eqnshift@=\dimen142
\alignsep@=\dimen143
\tagshift@=\dimen144
\tagwidth@=\dimen145
\totwidth@=\dimen146
\lineht@=\dimen147
\@envbody=\toks18
\multlinegap=\skip50
\multlinetaggap=\skip51
\mathdisplay@stack=\toks19
LaTeX Info: Redefining \[ on input line 2923.
LaTeX Info: Redefining \] on input line 2924.
)
(c:/Users/kewei/AppData/Roaming/TinyTeX/texmf-dist/tex/latex/amsfonts/amssymb.s
ty
Package: amssymb 2013/01/14 v3.01 AMS font symbols

(c:/Users/kewei/AppData/Roaming/TinyTeX/texmf-dist/tex/latex/amsfonts/amsfonts.
sty
Package: amsfonts 2013/01/14 v3.01 Basic AMSFonts support
\symAMSa=\mathgroup4
\symAMSb=\mathgroup5
LaTeX Font Info:    Redeclaring math symbol \hbar on input line 98.
LaTeX Font Info:    Overwriting math alphabet `\mathfrak' in version `bold'
(Font)                  U/euf/m/n --> U/euf/b/n on input line 106.
)) (c:/Users/kewei/AppData/Roaming/TinyTeX/texmf-dist/tex/latex/lm/lmodern.sty
Package: lmodern 2009/10/30 v1.6 Latin Modern Fonts
LaTeX Font Info:    Overwriting symbol font `operators' in version `normal'
(Font)                  OT1/cmr/m/n --> OT1/lmr/m/n on input line 22.
LaTeX Font Info:    Overwriting symbol font `letters' in version `normal'
(Font)                  OML/cmm/m/it --> OML/lmm/m/it on input line 23.
LaTeX Font Info:    Overwriting symbol font `symbols' in version `normal'
(Font)                  OMS/cmsy/m/n --> OMS/lmsy/m/n on input line 24.
LaTeX Font Info:    Overwriting symbol font `largesymbols' in version `normal'
(Font)                  OMX/cmex/m/n --> OMX/lmex/m/n on input line 25.
LaTeX Font Info:    Overwriting symbol font `operators' in version `bold'
(Font)                  OT1/cmr/bx/n --> OT1/lmr/bx/n on input line 26.
LaTeX Font Info:    Overwriting symbol font `letters' in version `bold'
(Font)                  OML/cmm/b/it --> OML/lmm/b/it on input line 27.
LaTeX Font Info:    Overwriting symbol font `symbols' in version `bold'
(Font)                  OMS/cmsy/b/n --> OMS/lmsy/b/n on input line 28.
LaTeX Font Info:    Overwriting symbol font `largesymbols' in version `bold'
(Font)                  OMX/cmex/m/n --> OMX/lmex/m/n on input line 29.
LaTeX Font Info:    Overwriting math alphabet `\mathbf' in version `normal'
(Font)                  OT1/cmr/bx/n --> OT1/lmr/bx/n on input line 31.
LaTeX Font Info:    Overwriting math alphabet `\mathsf' in version `normal'
(Font)                  OT1/cmss/m/n --> OT1/lmss/m/n on input line 32.
LaTeX Font Info:    Overwriting math alphabet `\mathit' in version `normal'
(Font)                  OT1/cmr/m/it --> OT1/lmr/m/it on input line 33.
LaTeX Font Info:    Overwriting math alphabet `\mathtt' in version `normal'
(Font)                  OT1/cmtt/m/n --> OT1/lmtt/m/n on input line 34.
LaTeX Font Info:    Overwriting math alphabet `\mathbf' in version `bold'
(Font)                  OT1/cmr/bx/n --> OT1/lmr/bx/n on input line 35.
LaTeX Font Info:    Overwriting math alphabet `\mathsf' in version `bold'
(Font)                  OT1/cmss/bx/n --> OT1/lmss/bx/n on input line 36.
LaTeX Font Info:    Overwriting math alphabet `\mathit' in version `bold'
(Font)                  OT1/cmr/bx/it --> OT1/lmr/bx/it on input line 37.
LaTeX Font Info:    Overwriting math alphabet `\mathtt' in version `bold'
(Font)                  OT1/cmtt/m/n --> OT1/lmtt/m/n on input line 38.
) (c:/Users/kewei/AppData/Roaming/TinyTeX/texmf-dist/tex/generic/iftex/iftex.st
y
Package: iftex 2020/03/06 v1.0d TeX engine tests
) (c:/Users/kewei/AppData/Roaming/TinyTeX/texmf-dist/tex/latex/base/fontenc.sty
Package: fontenc 2020/08/10 v2.0s Standard LaTeX package
LaTeX Font Info:    Trying to load font information for T1+lmr on input line 11
2.
(c:/Users/kewei/AppData/Roaming/TinyTeX/texmf-dist/tex/latex/lm/t1lmr.fd
File: t1lmr.fd 2009/10/30 v1.6 Font defs for Latin Modern
)) (c:/Users/kewei/AppData/Roaming/TinyTeX/texmf-dist/tex/latex/base/inputenc.s
ty
Package: inputenc 2020/08/01 v1.3d Input encoding file
\inpenc@prehook=\toks20
\inpenc@posthook=\toks21
) (c:/Users/kewei/AppData/Roaming/TinyTeX/texmf-dist/tex/latex/base/textcomp.st
y
Package: textcomp 2020/02/02 v2.0n Standard LaTeX package
) (c:/Users/kewei/AppData/Roaming/TinyTeX/texmf-dist/tex/latex/xcolor/xcolor.st
y
Package: xcolor 2016/05/11 v2.12 LaTeX color extensions (UK)

(c:/Users/kewei/AppData/Roaming/TinyTeX/texmf-dist/tex/latex/graphics-cfg/color
.cfg
File: color.cfg 2016/01/02 v1.6 sample color configuration
)
Package xcolor Info: Driver file: pdftex.def on input line 225.

(c:/Users/kewei/AppData/Roaming/TinyTeX/texmf-dist/tex/latex/graphics-def/pdfte
x.def
File: pdftex.def 2020/10/05 v1.2a Graphics/color driver for pdftex
)
Package xcolor Info: Model `cmy' substituted by `cmy0' on input line 1348.
Package xcolor Info: Model `hsb' substituted by `rgb' on input line 1352.
Package xcolor Info: Model `RGB' extended on input line 1364.
Package xcolor Info: Model `HTML' substituted by `rgb' on input line 1366.
Package xcolor Info: Model `Hsb' substituted by `hsb' on input line 1367.
Package xcolor Info: Model `tHsb' substituted by `hsb' on input line 1368.
Package xcolor Info: Model `HSB' substituted by `hsb' on input line 1369.
Package xcolor Info: Model `Gray' substituted by `gray' on input line 1370.
Package xcolor Info: Model `wave' substituted by `hsb' on input line 1371.
)
(c:/Users/kewei/AppData/Roaming/TinyTeX/texmf-dist/tex/latex/hyperref/hyperref.
sty
Package: hyperref 2021-02-27 v7.00k Hypertext links for LaTeX

(c:/Users/kewei/AppData/Roaming/TinyTeX/texmf-dist/tex/generic/ltxcmds/ltxcmds.
sty
Package: ltxcmds 2020-05-10 v1.25 LaTeX kernel commands for general use (HO)
)
(c:/Users/kewei/AppData/Roaming/TinyTeX/texmf-dist/tex/generic/pdftexcmds/pdfte
xcmds.sty
Package: pdftexcmds 2020-06-27 v0.33 Utility functions of pdfTeX for LuaTeX (HO
)

(c:/Users/kewei/AppData/Roaming/TinyTeX/texmf-dist/tex/generic/infwarerr/infwar
err.sty
Package: infwarerr 2019/12/03 v1.5 Providing info/warning/error messages (HO)
)
Package pdftexcmds Info: \pdf@primitive is available.
Package pdftexcmds Info: \pdf@ifprimitive is available.
Package pdftexcmds Info: \pdfdraftmode found.
)
(c:/Users/kewei/AppData/Roaming/TinyTeX/texmf-dist/tex/latex/graphics/keyval.st
y
Package: keyval 2014/10/28 v1.15 key=value parser (DPC)
\KV@toks@=\toks22
)
(c:/Users/kewei/AppData/Roaming/TinyTeX/texmf-dist/tex/generic/kvsetkeys/kvsetk
eys.sty
Package: kvsetkeys 2019/12/15 v1.18 Key value parser (HO)
)
(c:/Users/kewei/AppData/Roaming/TinyTeX/texmf-dist/tex/generic/kvdefinekeys/kvd
efinekeys.sty
Package: kvdefinekeys 2019-12-19 v1.6 Define keys (HO)
)
(c:/Users/kewei/AppData/Roaming/TinyTeX/texmf-dist/tex/generic/pdfescape/pdfesc
ape.sty
Package: pdfescape 2019/12/09 v1.15 Implements pdfTeX's escape features (HO)
)
(c:/Users/kewei/AppData/Roaming/TinyTeX/texmf-dist/tex/latex/hycolor/hycolor.st
y
Package: hycolor 2020-01-27 v1.10 Color options for hyperref/bookmark (HO)
)
(c:/Users/kewei/AppData/Roaming/TinyTeX/texmf-dist/tex/latex/letltxmacro/letltx
macro.sty
Package: letltxmacro 2019/12/03 v1.6 Let assignment for LaTeX macros (HO)
)
(c:/Users/kewei/AppData/Roaming/TinyTeX/texmf-dist/tex/latex/auxhook/auxhook.st
y
Package: auxhook 2019-12-17 v1.6 Hooks for auxiliary files (HO)
)
(c:/Users/kewei/AppData/Roaming/TinyTeX/texmf-dist/tex/latex/kvoptions/kvoption
s.sty
Package: kvoptions 2020-10-07 v3.14 Key value format for package options (HO)
)
\@linkdim=\dimen148
\Hy@linkcounter=\count266
\Hy@pagecounter=\count267

(c:/Users/kewei/AppData/Roaming/TinyTeX/texmf-dist/tex/latex/hyperref/pd1enc.de
f
File: pd1enc.def 2021-02-27 v7.00k Hyperref: PDFDocEncoding definition (HO)
Now handling font encoding PD1 ...
... no UTF-8 mapping file for font encoding PD1
)
(c:/Users/kewei/AppData/Roaming/TinyTeX/texmf-dist/tex/latex/hyperref/hyperref-
langpatches.def
File: hyperref-langpatches.def 2021-02-27 v7.00k Hyperref: patches for babel la
nguages
)
(c:/Users/kewei/AppData/Roaming/TinyTeX/texmf-dist/tex/generic/intcalc/intcalc.
sty
Package: intcalc 2019/12/15 v1.3 Expandable calculations with integers (HO)
)
(c:/Users/kewei/AppData/Roaming/TinyTeX/texmf-dist/tex/generic/etexcmds/etexcmd
s.sty
Package: etexcmds 2019/12/15 v1.7 Avoid name clashes with e-TeX commands (HO)
)
\Hy@SavedSpaceFactor=\count268

(c:/Users/kewei/AppData/Roaming/TinyTeX/texmf-dist/tex/latex/hyperref/puenc.def
File: puenc.def 2021-02-27 v7.00k Hyperref: PDF Unicode definition (HO)
Now handling font encoding PU ...
... no UTF-8 mapping file for font encoding PU
)
Package hyperref Info: Option `unicode' set `true' on input line 4073.
Package hyperref Info: Hyper figures OFF on input line 4192.
Package hyperref Info: Link nesting OFF on input line 4197.
Package hyperref Info: Hyper index ON on input line 4200.
Package hyperref Info: Plain pages OFF on input line 4207.
Package hyperref Info: Backreferencing OFF on input line 4212.
Package hyperref Info: Implicit mode ON; LaTeX internals redefined.
Package hyperref Info: Bookmarks ON on input line 4445.
\c@Hy@tempcnt=\count269
(c:/Users/kewei/AppData/Roaming/TinyTeX/texmf-dist/tex/latex/url/url.sty
\Urlmuskip=\muskip17
Package: url 2013/09/16  ver 3.4  Verb mode for urls, etc.
)
LaTeX Info: Redefining \url on input line 4804.
\XeTeXLinkMargin=\dimen149

(c:/Users/kewei/AppData/Roaming/TinyTeX/texmf-dist/tex/generic/bitset/bitset.st
y
Package: bitset 2019/12/09 v1.3 Handle bit-vector datatype (HO)

(c:/Users/kewei/AppData/Roaming/TinyTeX/texmf-dist/tex/generic/bigintcalc/bigin
tcalc.sty
Package: bigintcalc 2019/12/15 v1.5 Expandable calculations on big integers (HO
)
))
\Fld@menulength=\count270
\Field@Width=\dimen150
\Fld@charsize=\dimen151
Package hyperref Info: Hyper figures OFF on input line 6075.
Package hyperref Info: Link nesting OFF on input line 6080.
Package hyperref Info: Hyper index ON on input line 6083.
Package hyperref Info: backreferencing OFF on input line 6090.
Package hyperref Info: Link coloring OFF on input line 6095.
Package hyperref Info: Link coloring with OCG OFF on input line 6100.
Package hyperref Info: PDF/A mode OFF on input line 6105.
LaTeX Info: Redefining \ref on input line 6145.
LaTeX Info: Redefining \pageref on input line 6149.

(c:/Users/kewei/AppData/Roaming/TinyTeX/texmf-dist/tex/latex/base/atbegshi-ltx.
sty
Package: atbegshi-ltx 2020/08/17 v1.0a Emulation of the original atbegshi packa
ge
with kernel methods
)
\Hy@abspage=\count271
\c@Item=\count272
\c@Hfootnote=\count273
)
Package hyperref Info: Driver (autodetected): hpdftex.

(c:/Users/kewei/AppData/Roaming/TinyTeX/texmf-dist/tex/latex/hyperref/hpdftex.d
ef
File: hpdftex.def 2021-02-27 v7.00k Hyperref driver for pdfTeX

(c:/Users/kewei/AppData/Roaming/TinyTeX/texmf-dist/tex/latex/base/atveryend-ltx
.sty
Package: atveryend-ltx 2020/08/19 v1.0a Emulation of the original atvery packag
e
with kernel methods
)
\Fld@listcount=\count274
\c@bookmark@seq@number=\count275

(c:/Users/kewei/AppData/Roaming/TinyTeX/texmf-dist/tex/latex/rerunfilecheck/rer
unfilecheck.sty
Package: rerunfilecheck 2019/12/05 v1.9 Rerun checks for auxiliary files (HO)

(c:/Users/kewei/AppData/Roaming/TinyTeX/texmf-dist/tex/generic/uniquecounter/un
iquecounter.sty
Package: uniquecounter 2019/12/15 v1.4 Provide unlimited unique counter (HO)
)
Package uniquecounter Info: New unique counter `rerunfilecheck' on input line 2
86.
)
\Hy@SectionHShift=\skip52
)
(c:/Users/kewei/AppData/Roaming/TinyTeX/texmf-dist/tex/latex/geometry/geometry.
sty
Package: geometry 2020/01/02 v5.9 Page Geometry

(c:/Users/kewei/AppData/Roaming/TinyTeX/texmf-dist/tex/generic/iftex/ifvtex.sty
Package: ifvtex 2019/10/25 v1.7 ifvtex legacy package. Use iftex instead.
)
\Gm@cnth=\count276
\Gm@cntv=\count277
\c@Gm@tempcnt=\count278
\Gm@bindingoffset=\dimen152
\Gm@wd@mp=\dimen153
\Gm@odd@mp=\dimen154
\Gm@even@mp=\dimen155
\Gm@layoutwidth=\dimen156
\Gm@layoutheight=\dimen157
\Gm@layouthoffset=\dimen158
\Gm@layoutvoffset=\dimen159
\Gm@dimlist=\toks23
)
(c:/Users/kewei/AppData/Roaming/TinyTeX/texmf-dist/tex/latex/fancyvrb/fancyvrb.
sty
Package: fancyvrb 2021/01/20 v3.7 verbatim text (tvz,hv)
\FV@CodeLineNo=\count279
\FV@InFile=\read2
\FV@TabBox=\box49
\c@FancyVerbLine=\count280
\FV@StepNumber=\count281
\FV@OutFile=\write3
) (c:/Users/kewei/AppData/Roaming/TinyTeX/texmf-dist/tex/latex/framed/framed.st
y
Package: framed 2011/10/22 v 0.96: framed or shaded text with page breaks
\OuterFrameSep=\skip53
\fb@frw=\dimen160
\fb@frh=\dimen161
\FrameRule=\dimen162
\FrameSep=\dimen163
)
(c:/Users/kewei/AppData/Roaming/TinyTeX/texmf-dist/tex/latex/tools/longtable.st
y
Package: longtable 2020/01/07 v4.13 Multi-page Table package (DPC)
\LTleft=\skip54
\LTright=\skip55
\LTpre=\skip56
\LTpost=\skip57
\LTchunksize=\count282
\LTcapwidth=\dimen164
\LT@head=\box50
\LT@firsthead=\box51
\LT@foot=\box52
\LT@lastfoot=\box53
\LT@cols=\count283
\LT@rows=\count284
\c@LT@tables=\count285
\c@LT@chunks=\count286
\LT@p@ftn=\toks24
)
(c:/Users/kewei/AppData/Roaming/TinyTeX/texmf-dist/tex/latex/booktabs/booktabs.
sty
Package: booktabs 2020/01/12 v1.61803398 Publication quality tables
\heavyrulewidth=\dimen165
\lightrulewidth=\dimen166
\cmidrulewidth=\dimen167
\belowrulesep=\dimen168
\belowbottomsep=\dimen169
\aboverulesep=\dimen170
\abovetopsep=\dimen171
\cmidrulesep=\dimen172
\cmidrulekern=\dimen173
\defaultaddspace=\dimen174
\@cmidla=\count287
\@cmidlb=\count288
\@aboverulesep=\dimen175
\@belowrulesep=\dimen176
\@thisruleclass=\count289
\@lastruleclass=\count290
\@thisrulewidth=\dimen177
) (c:/Users/kewei/AppData/Roaming/TinyTeX/texmf-dist/tex/latex/tools/array.sty
Package: array 2020/10/01 v2.5c Tabular extension package (FMi)
\col@sep=\dimen178
\ar@mcellbox=\box54
\extrarowheight=\dimen179
\NC@list=\toks25
\extratabsurround=\skip58
\backup@length=\skip59
\ar@cellbox=\box55
) (c:/Users/kewei/AppData/Roaming/TinyTeX/texmf-dist/tex/latex/tools/calc.sty
Package: calc 2017/05/25 v4.3 Infix arithmetic (KKT,FJ)
\calc@Acount=\count291
\calc@Bcount=\count292
\calc@Adimen=\dimen180
\calc@Bdimen=\dimen181
\calc@Askip=\skip60
\calc@Bskip=\skip61
LaTeX Info: Redefining \setlength on input line 80.
LaTeX Info: Redefining \addtolength on input line 81.
\calc@Ccount=\count293
\calc@Cskip=\skip62
)
(c:/Users/kewei/AppData/Roaming/TinyTeX/texmf-dist/tex/latex/mdwtools/footnote.
sty
Package: footnote 1997/01/28 1.13 Save footnotes around boxes
\fn@notes=\box56
\fn@width=\dimen182
)
(c:/Users/kewei/AppData/Roaming/TinyTeX/texmf-dist/tex/latex/graphics/graphicx.
sty
Package: graphicx 2020/09/09 v1.2b Enhanced LaTeX Graphics (DPC,SPQR)

(c:/Users/kewei/AppData/Roaming/TinyTeX/texmf-dist/tex/latex/graphics/graphics.
sty
Package: graphics 2020/08/30 v1.4c Standard LaTeX Graphics (DPC,SPQR)
(c:/Users/kewei/AppData/Roaming/TinyTeX/texmf-dist/tex/latex/graphics/trig.sty
Package: trig 2016/01/03 v1.10 sin cos tan (DPC)
)
(c:/Users/kewei/AppData/Roaming/TinyTeX/texmf-dist/tex/latex/graphics-cfg/graph
ics.cfg
File: graphics.cfg 2016/06/04 v1.11 sample graphics configuration
)
Package graphics Info: Driver file: pdftex.def on input line 105.
)
\Gin@req@height=\dimen183
\Gin@req@width=\dimen184
)
(c:/Users/kewei/AppData/Roaming/TinyTeX/texmf-dist/tex/latex/l3backend/l3backen
d-pdftex.def
File: l3backend-pdftex.def 2021-03-18 L3 backend support: PDF output (pdfTeX)
\l__color_backend_stack_int=\count294
\l__pdf_internal_box=\box57
) (./code.aux)
\openout1 = `code.aux'.

LaTeX Font Info:    Checking defaults for OML/cmm/m/it on input line 129.
LaTeX Font Info:    ... okay on input line 129.
LaTeX Font Info:    Checking defaults for OMS/cmsy/m/n on input line 129.
LaTeX Font Info:    ... okay on input line 129.
LaTeX Font Info:    Checking defaults for OT1/cmr/m/n on input line 129.
LaTeX Font Info:    ... okay on input line 129.
LaTeX Font Info:    Checking defaults for T1/cmr/m/n on input line 129.
LaTeX Font Info:    ... okay on input line 129.
LaTeX Font Info:    Checking defaults for TS1/cmr/m/n on input line 129.
LaTeX Font Info:    ... okay on input line 129.
LaTeX Font Info:    Checking defaults for OMX/cmex/m/n on input line 129.
LaTeX Font Info:    ... okay on input line 129.
LaTeX Font Info:    Checking defaults for U/cmr/m/n on input line 129.
LaTeX Font Info:    ... okay on input line 129.
LaTeX Font Info:    Checking defaults for PD1/pdf/m/n on input line 129.
LaTeX Font Info:    ... okay on input line 129.
LaTeX Font Info:    Checking defaults for PU/pdf/m/n on input line 129.
LaTeX Font Info:    ... okay on input line 129.

(c:/Users/kewei/AppData/Roaming/TinyTeX/texmf-dist/tex/latex/epstopdf-pkg/epsto
pdf-base.sty
Package: epstopdf-base 2020-01-24 v2.11 Base part for package epstopdf
Package epstopdf-base Info: Redefining graphics rule for `.eps' on input line 4
85.

(c:/Users/kewei/AppData/Roaming/TinyTeX/texmf-dist/tex/latex/latexconfig/epstop
df-sys.cfg
File: epstopdf-sys.cfg 2010/07/13 v1.3 Configuration of (r)epstopdf for TeX Liv
e
))
Package hyperref Info: Link coloring OFF on input line 129.

(c:/Users/kewei/AppData/Roaming/TinyTeX/texmf-dist/tex/latex/hyperref/nameref.s
ty
Package: nameref 2021-04-02 v2.47 Cross-referencing by name of section

(c:/Users/kewei/AppData/Roaming/TinyTeX/texmf-dist/tex/latex/refcount/refcount.
sty
Package: refcount 2019/12/15 v3.6 Data extraction from label references (HO)
)
(c:/Users/kewei/AppData/Roaming/TinyTeX/texmf-dist/tex/generic/gettitlestring/g
ettitlestring.sty
Package: gettitlestring 2019/12/15 v1.6 Cleanup title references (HO)
)
\c@section@level=\count295
)
LaTeX Info: Redefining \ref on input line 129.
LaTeX Info: Redefining \pageref on input line 129.
LaTeX Info: Redefining \nameref on input line 129.
(./code.out) (./code.out)
\@outlinefile=\write4
\openout4 = `code.out'.

*geometry* driver: auto-detecting
*geometry* detected driver: pdftex
*geometry* verbose mode - [ preamble ] result:
* driver: pdftex
* paper: <default>
* layout: <same size as paper>
* layoutoffset:(h,v)=(0.0pt,0.0pt)
* modes: 
* h-part:(L,W,R)=(72.26999pt, 469.75502pt, 72.26999pt)
* v-part:(T,H,B)=(72.26999pt, 650.43001pt, 72.26999pt)
* \paperwidth=614.295pt
* \paperheight=794.96999pt
* \textwidth=469.75502pt
* \textheight=650.43001pt
* \oddsidemargin=0.0pt
* \evensidemargin=0.0pt
* \topmargin=-37.0pt
* \headheight=12.0pt
* \headsep=25.0pt
* \topskip=10.0pt
* \footskip=30.0pt
* \marginparwidth=65.0pt
* \marginparsep=11.0pt
* \columnsep=10.0pt
* \skip\footins=9.0pt plus 4.0pt minus 2.0pt
* \hoffset=0.0pt
* \voffset=0.0pt
* \mag=1000
* \@twocolumnfalse
* \@twosidefalse
* \@mparswitchfalse
* \@reversemarginfalse
* (1in=72.27pt=25.4mm, 1cm=28.453pt)

LaTeX Font Info:    Trying to load font information for OT1+lmr on input line 1
31.
(c:/Users/kewei/AppData/Roaming/TinyTeX/texmf-dist/tex/latex/lm/ot1lmr.fd
File: ot1lmr.fd 2009/10/30 v1.6 Font defs for Latin Modern
)
LaTeX Font Info:    Trying to load font information for OML+lmm on input line 1
31.
(c:/Users/kewei/AppData/Roaming/TinyTeX/texmf-dist/tex/latex/lm/omllmm.fd
File: omllmm.fd 2009/10/30 v1.6 Font defs for Latin Modern
)
LaTeX Font Info:    Trying to load font information for OMS+lmsy on input line 
131.
(c:/Users/kewei/AppData/Roaming/TinyTeX/texmf-dist/tex/latex/lm/omslmsy.fd
File: omslmsy.fd 2009/10/30 v1.6 Font defs for Latin Modern
)
LaTeX Font Info:    Trying to load font information for OMX+lmex on input line 
131.
(c:/Users/kewei/AppData/Roaming/TinyTeX/texmf-dist/tex/latex/lm/omxlmex.fd
File: omxlmex.fd 2009/10/30 v1.6 Font defs for Latin Modern
)
LaTeX Font Info:    External font `lmex10' loaded for size
(Font)              <12> on input line 131.
LaTeX Font Info:    External font `lmex10' loaded for size
(Font)              <8> on input line 131.
LaTeX Font Info:    External font `lmex10' loaded for size
(Font)              <6> on input line 131.
LaTeX Font Info:    Trying to load font information for U+msa on input line 131
.
(c:/Users/kewei/AppData/Roaming/TinyTeX/texmf-dist/tex/latex/amsfonts/umsa.fd
File: umsa.fd 2013/01/14 v3.01 AMS symbols A
)
LaTeX Font Info:    Trying to load font information for U+msb on input line 131
.
(c:/Users/kewei/AppData/Roaming/TinyTeX/texmf-dist/tex/latex/amsfonts/umsb.fd
File: umsb.fd 2013/01/14 v3.01 AMS symbols B
)
Overfull \hbox (135.20325pt too wide) in paragraph at lines 131--131
 [][] 
 []

LaTeX Font Info:    Trying to load font information for TS1+lmr on input line 1
65.
(c:/Users/kewei/AppData/Roaming/TinyTeX/texmf-dist/tex/latex/lm/ts1lmr.fd
File: ts1lmr.fd 2009/10/30 v1.6 Font defs for Latin Modern
) [1

{c:/Users/kewei/AppData/Roaming/TinyTeX/texmf-var/fonts/map/pdftex/updmap/pdfte
x.map}]
LaTeX Font Info:    External font `lmex10' loaded for size
(Font)              <10> on input line 207.
LaTeX Font Info:    External font `lmex10' loaded for size
(Font)              <7> on input line 207.
LaTeX Font Info:    External font `lmex10' loaded for size
(Font)              <5> on input line 207.

LaTeX Warning: Command \textdegree invalid in math mode on input line 250.


LaTeX Warning: Command \textdegree invalid in math mode on input line 250.

[2]
<image/000017.png, id=120, 1405.25pt x 868.24374pt>
File: image/000017.png Graphic file (type png)
<use image/000017.png>
Package pdftex.def Info: image/000017.png  used on input line 297.
(pdftex.def)             Requested size: 228.87576pt x 141.41252pt.
<image/00002b.png, id=122, 1405.25pt x 868.24374pt>
File: image/00002b.png Graphic file (type png)
<use image/00002b.png>
Package pdftex.def Info: image/00002b.png  used on input line 300.
(pdftex.def)             Requested size: 228.87576pt x 141.41252pt.

Underfull \vbox (badness 10000) detected at line 305
 []

<image/peva_gridcode.png, id=123, 526.96875pt x 301.125pt>
File: image/peva_gridcode.png Graphic file (type png)
<use image/peva_gridcode.png>
Package pdftex.def Info: image/peva_gridcode.png  used on input line 307.
(pdftex.def)             Requested size: 328.84003pt x 187.90858pt.
[3 <./image/000017.png> <./image/00002b.png> <./image/peva_gridcode.png>]
<image/Pipeline.png, id=135, 2347.77126pt x 747.79375pt>
File: image/Pipeline.png Graphic file (type png)
<use image/Pipeline.png>
Package pdftex.def Info: image/Pipeline.png  used on input line 339.
(pdftex.def)             Requested size: 469.72507pt x 149.61314pt.
<image/00000f.png, id=136, 1405.25pt x 868.24374pt>
File: image/00000f.png Graphic file (type png)
<use image/00000f.png>
Package pdftex.def Info: image/00000f.png  used on input line 365.
(pdftex.def)             Requested size: 328.8186pt x 203.16292pt.
[4 <./image/Pipeline.png (PNG copy)>]
LaTeX Font Info:    Trying to load font information for T1+lmtt on input line 3
96.
(c:/Users/kewei/AppData/Roaming/TinyTeX/texmf-dist/tex/latex/lm/t1lmtt.fd
File: t1lmtt.fd 2009/10/30 v1.6 Font defs for Latin Modern
)
LaTeX Font Info:    Font shape `T1/lmtt/bx/n' in size <10> not available
(Font)              Font shape `T1/lmtt/b/n' tried instead on input line 396.

Underfull \hbox (badness 10000) in paragraph at lines 403--408

 []

<image/000011.png, id=144, 1405.25pt x 868.24374pt>
File: image/000011.png Graphic file (type png)
<use image/000011.png>
Package pdftex.def Info: image/000011.png  used on input line 413.
(pdftex.def)             Requested size: 328.8186pt x 203.16292pt.
[5 <./image/00000f.png>]
Underfull \hbox (badness 10000) in paragraph at lines 432--433

 []

<image/for_selc_no.png, id=157, 896.34875pt x 513.92pt>
File: image/for_selc_no.png Graphic file (type png)
<use image/for_selc_no.png>
Package pdftex.def Info: image/for_selc_no.png  used on input line 447.
(pdftex.def)             Requested size: 228.87364pt x 131.2243pt.
<image/for_sele.png, id=158, 899.36pt x 513.92pt>
File: image/for_sele.png Graphic file (type png)
<use image/for_sele.png>
Package pdftex.def Info: image/for_sele.png  used on input line 448.
(pdftex.def)             Requested size: 228.87404pt x 130.78516pt.
[6 <./image/000011.png> <./image/for_selc_no.png> <./image/for_sele.png>]
<image/new_train_result.png, id=171, 853.9905pt x 451.6875pt>
File: image/new_train_result.png Graphic file (type png)
<use image/new_train_result.png>
Package pdftex.def Info: image/new_train_result.png  used on input line 516.
(pdftex.def)             Requested size: 469.76138pt x 248.46335pt.
[7] [8 <./image/new_train_result.png (PNG copy)>]
<image/best.png, id=192, 921.4425pt x 709.65125pt>
File: image/best.png Graphic file (type png)
<use image/best.png>
Package pdftex.def Info: image/best.png  used on input line 598.
(pdftex.def)             Requested size: 147.09637pt x 113.28664pt.
<image/glm.png, id=193, 917.4275pt x 727.71875pt>
File: image/glm.png Graphic file (type png)
<use image/glm.png>
Package pdftex.def Info: image/glm.png  used on input line 598.
(pdftex.def)             Requested size: 147.09937pt x 116.68166pt.
<image/lm.png, id=194, 905.3825pt x 723.70375pt>
File: image/lm.png Graphic file (type png)
<use image/lm.png>
Package pdftex.def Info: image/lm.png  used on input line 599.
(pdftex.def)             Requested size: 147.08836pt x 117.57285pt.
[9 <./image/best.png> <./image/glm.png> <./image/lm.png>]
Underfull \hbox (badness 10000) in paragraph at lines 684--701

 []


Underfull \hbox (badness 10000) in paragraph at lines 684--701

 []


Underfull \hbox (badness 10000) in paragraph at lines 684--701

 []


Underfull \hbox (badness 10000) in paragraph at lines 684--701

 []


Underfull \hbox (badness 10000) in paragraph at lines 684--701

 []


Underfull \hbox (badness 10000) in paragraph at lines 684--701

 []


Underfull \hbox (badness 10000) in paragraph at lines 684--701

 []


Underfull \hbox (badness 10000) in paragraph at lines 684--701

 []


Underfull \hbox (badness 10000) in paragraph at lines 684--701

 []


Underfull \hbox (badness 10000) in paragraph at lines 684--701

 []


Underfull \hbox (badness 10000) in paragraph at lines 684--701

 []


Underfull \hbox (badness 10000) in paragraph at lines 684--701

 []


Underfull \hbox (badness 10000) in paragraph at lines 684--701

 []


Underfull \hbox (badness 10000) in paragraph at lines 684--701

 []


Underfull \hbox (badness 10000) in paragraph at lines 684--701

 []


Underfull \hbox (badness 10000) in paragraph at lines 684--701

 []


Underfull \hbox (badness 10000) in paragraph at lines 684--701

 []

[10]
Underfull \hbox (badness 10000) in paragraph at lines 741--746

 []


Underfull \hbox (badness 10000) in paragraph at lines 741--746

 []


Underfull \hbox (badness 10000) in paragraph at lines 741--746

 []


Underfull \hbox (badness 10000) in paragraph at lines 741--746

 []


Underfull \hbox (badness 10000) in paragraph at lines 741--746

 []

[11]
LaTeX Font Info:    Trying to load font information for TS1+lmtt on input line 
786.
(c:/Users/kewei/AppData/Roaming/TinyTeX/texmf-dist/tex/latex/lm/ts1lmtt.fd
File: ts1lmtt.fd 2009/10/30 v1.6 Font defs for Latin Modern
) [12]
<code_files/figure-latex/1.2-1.pdf, id=235, 469.755pt x 325.215pt>
File: code_files/figure-latex/1.2-1.pdf Graphic file (type pdf)
<use code_files/figure-latex/1.2-1.pdf>
Package pdftex.def Info: code_files/figure-latex/1.2-1.pdf  used on input line 
871.
(pdftex.def)             Requested size: 469.75386pt x 325.2142pt.
[13]
<code_files/figure-latex/1.2-2.pdf, id=241, 469.755pt x 325.215pt>
File: code_files/figure-latex/1.2-2.pdf Graphic file (type pdf)
<use code_files/figure-latex/1.2-2.pdf>
Package pdftex.def Info: code_files/figure-latex/1.2-2.pdf  used on input line 
879.
(pdftex.def)             Requested size: 469.75386pt x 325.2142pt.
[14 <./code_files/figure-latex/1.2-1.pdf>]
<code_files/figure-latex/1.2-3.pdf, id=251, 469.755pt x 325.215pt>
File: code_files/figure-latex/1.2-3.pdf Graphic file (type pdf)
<use code_files/figure-latex/1.2-3.pdf>
Package pdftex.def Info: code_files/figure-latex/1.2-3.pdf  used on input line 
887.
(pdftex.def)             Requested size: 469.75386pt x 325.2142pt.
[15 <./code_files/figure-latex/1.2-2.pdf>]
<code_files/figure-latex/1.2-4.pdf, id=261, 469.755pt x 325.215pt>
File: code_files/figure-latex/1.2-4.pdf Graphic file (type pdf)
<use code_files/figure-latex/1.2-4.pdf>
Package pdftex.def Info: code_files/figure-latex/1.2-4.pdf  used on input line 
895.
(pdftex.def)             Requested size: 469.75386pt x 325.2142pt.
[16 <./code_files/figure-latex/1.2-3.pdf>]
<code_files/figure-latex/1.2-5.pdf, id=271, 469.755pt x 325.215pt>
File: code_files/figure-latex/1.2-5.pdf Graphic file (type pdf)
<use code_files/figure-latex/1.2-5.pdf>
Package pdftex.def Info: code_files/figure-latex/1.2-5.pdf  used on input line 
903.
(pdftex.def)             Requested size: 469.75386pt x 325.2142pt.
[17 <./code_files/figure-latex/1.2-4.pdf>]
<code_files/figure-latex/1.2-6.pdf, id=281, 469.755pt x 325.215pt>
File: code_files/figure-latex/1.2-6.pdf Graphic file (type pdf)
<use code_files/figure-latex/1.2-6.pdf>
Package pdftex.def Info: code_files/figure-latex/1.2-6.pdf  used on input line 
911.
(pdftex.def)             Requested size: 469.75386pt x 325.2142pt.
[18 <./code_files/figure-latex/1.2-5.pdf>]
<code_files/figure-latex/1.2-7.pdf, id=291, 469.755pt x 325.215pt>
File: code_files/figure-latex/1.2-7.pdf Graphic file (type pdf)
<use code_files/figure-latex/1.2-7.pdf>
Package pdftex.def Info: code_files/figure-latex/1.2-7.pdf  used on input line 
921.
(pdftex.def)             Requested size: 469.75386pt x 325.2142pt.
[19 <./code_files/figure-latex/1.2-6.pdf>]
<code_files/figure-latex/1.2-8.pdf, id=302, 469.755pt x 325.215pt>
File: code_files/figure-latex/1.2-8.pdf Graphic file (type pdf)
<use code_files/figure-latex/1.2-8.pdf>
Package pdftex.def Info: code_files/figure-latex/1.2-8.pdf  used on input line 
929.
(pdftex.def)             Requested size: 469.75386pt x 325.2142pt.
[20 <./code_files/figure-latex/1.2-7.pdf>]
<code_files/figure-latex/1.2-9.pdf, id=313, 469.755pt x 325.215pt>
File: code_files/figure-latex/1.2-9.pdf Graphic file (type pdf)
<use code_files/figure-latex/1.2-9.pdf>
Package pdftex.def Info: code_files/figure-latex/1.2-9.pdf  used on input line 
936.
(pdftex.def)             Requested size: 469.75386pt x 325.2142pt.
[21 <./code_files/figure-latex/1.2-8.pdf>]
<code_files/figure-latex/1.2-10.pdf, id=323, 469.755pt x 325.215pt>
File: code_files/figure-latex/1.2-10.pdf Graphic file (type pdf)
<use code_files/figure-latex/1.2-10.pdf>
Package pdftex.def Info: code_files/figure-latex/1.2-10.pdf  used on input line
 953.
(pdftex.def)             Requested size: 469.75386pt x 325.2142pt.
[22 <./code_files/figure-latex/1.2-9.pdf>]
<code_files/figure-latex/1.2-11.pdf, id=333, 469.755pt x 325.215pt>
File: code_files/figure-latex/1.2-11.pdf Graphic file (type pdf)
<use code_files/figure-latex/1.2-11.pdf>
Package pdftex.def Info: code_files/figure-latex/1.2-11.pdf  used on input line
 965.
(pdftex.def)             Requested size: 469.75386pt x 325.2142pt.
[23 <./code_files/figure-latex/1.2-10.pdf>]
<code_files/figure-latex/1.2-12.pdf, id=344, 469.755pt x 325.215pt>
File: code_files/figure-latex/1.2-12.pdf Graphic file (type pdf)
<use code_files/figure-latex/1.2-12.pdf>
Package pdftex.def Info: code_files/figure-latex/1.2-12.pdf  used on input line
 977.
(pdftex.def)             Requested size: 469.75386pt x 325.2142pt.
[24 <./code_files/figure-latex/1.2-11.pdf>]
<code_files/figure-latex/1.2-13.pdf, id=354, 469.755pt x 325.215pt>
File: code_files/figure-latex/1.2-13.pdf Graphic file (type pdf)
<use code_files/figure-latex/1.2-13.pdf>
Package pdftex.def Info: code_files/figure-latex/1.2-13.pdf  used on input line
 985.
(pdftex.def)             Requested size: 469.75386pt x 325.2142pt.
<code_files/figure-latex/1.2-14.pdf, id=355, 469.755pt x 325.215pt>
File: code_files/figure-latex/1.2-14.pdf Graphic file (type pdf)
<use code_files/figure-latex/1.2-14.pdf>
Package pdftex.def Info: code_files/figure-latex/1.2-14.pdf  used on input line
 986.
(pdftex.def)             Requested size: 469.75386pt x 325.2142pt.

Underfull \hbox (badness 10000) in paragraph at lines 985--987
[][]
 []

[25 <./code_files/figure-latex/1.2-12.pdf>] [26 <./code_files/figure-latex/1.2-
13.pdf>] [27 <./code_files/figure-latex/1.2-14.pdf>]

LaTeX Font Warning: Font shape `T1/lmtt/bx/it' in size <10> not available
(Font)              Font shape `T1/lmtt/b/sl' tried instead on input line 1054.


<code_files/figure-latex/unnamed-chunk-6-1.pdf, id=385, 469.755pt x 325.215pt>
File: code_files/figure-latex/unnamed-chunk-6-1.pdf Graphic file (type pdf)
<use code_files/figure-latex/unnamed-chunk-6-1.pdf>
Package pdftex.def Info: code_files/figure-latex/unnamed-chunk-6-1.pdf  used on
 input line 1070.
(pdftex.def)             Requested size: 469.75386pt x 325.2142pt.

Overfull \hbox (123.32458pt too wide) in paragraph at lines 1070--1072
 []\T1/lmr/bx/n/10 9.4.1. Trans-for-ma-tions[] []
 []

[28] [29 <./code_files/figure-latex/unnamed-chunk-6-1.pdf>] [30] [31] [32] [33]
[34] [35] [36] [37] [38] [39] [40] [41] [42] [43] [44] [45] [46] [47] [48] [49]
[50] [51] [52] [53] [54] [55]
<code_files/figure-latex/2.1.2-1.pdf, id=513, 469.755pt x 325.215pt>
File: code_files/figure-latex/2.1.2-1.pdf Graphic file (type pdf)
<use code_files/figure-latex/2.1.2-1.pdf>
Package pdftex.def Info: code_files/figure-latex/2.1.2-1.pdf  used on input lin
e 2535.
(pdftex.def)             Requested size: 469.75386pt x 325.2142pt.
[56 <./code_files/figure-latex/2.1.2-1.pdf>]
<code_files/figure-latex/unnamed-chunk-7-1.pdf, id=524, 469.755pt x 325.215pt>
File: code_files/figure-latex/unnamed-chunk-7-1.pdf Graphic file (type pdf)
<use code_files/figure-latex/unnamed-chunk-7-1.pdf>
Package pdftex.def Info: code_files/figure-latex/unnamed-chunk-7-1.pdf  used on
 input line 2547.
(pdftex.def)             Requested size: 469.75386pt x 325.2142pt.

Overfull \hbox (312.01578pt too wide) in paragraph at lines 2547--2548
 []\T1/lmr/bx/n/10 9.4.3. Re-la-tion-ship b/w ex-plana-tory vari-ables & the re
-sponse[] [] 
 []

<code_files/figure-latex/unnamed-chunk-7-2.pdf, id=525, 469.755pt x 325.215pt>
File: code_files/figure-latex/unnamed-chunk-7-2.pdf Graphic file (type pdf)
<use code_files/figure-latex/unnamed-chunk-7-2.pdf>
Package pdftex.def Info: code_files/figure-latex/unnamed-chunk-7-2.pdf  used on
 input line 2556.
(pdftex.def)             Requested size: 469.75386pt x 325.2142pt.
[57 <./code_files/figure-latex/unnamed-chunk-7-1.pdf>] [58 <./code_files/figure
-latex/unnamed-chunk-7-2.pdf>]
<code_files/figure-latex/unnamed-chunk-8-1.pdf, id=552, 469.755pt x 325.215pt>
File: code_files/figure-latex/unnamed-chunk-8-1.pdf Graphic file (type pdf)
<use code_files/figure-latex/unnamed-chunk-8-1.pdf>
Package pdftex.def Info: code_files/figure-latex/unnamed-chunk-8-1.pdf  used on
 input line 2602.
(pdftex.def)             Requested size: 469.75386pt x 325.2142pt.
[59 <./code_files/figure-latex/unnamed-chunk-8-1.pdf>] [60] [61] [62] [63] [64]
[65] [66] [67] [68] [69] [70] [71] [72] [73] [74] [75] [76] [77] [78] [79] [80]
[81] [82] [83] [84] [85]
<code_files/figure-latex/unnamed-chunk-9-1.pdf, id=672, 469.755pt x 325.215pt>
File: code_files/figure-latex/unnamed-chunk-9-1.pdf Graphic file (type pdf)
<use code_files/figure-latex/unnamed-chunk-9-1.pdf>
Package pdftex.def Info: code_files/figure-latex/unnamed-chunk-9-1.pdf  used on
 input line 4098.
(pdftex.def)             Requested size: 469.75386pt x 325.2142pt.
<code_files/figure-latex/unnamed-chunk-9-2.pdf, id=673, 469.755pt x 325.215pt>
File: code_files/figure-latex/unnamed-chunk-9-2.pdf Graphic file (type pdf)
<use code_files/figure-latex/unnamed-chunk-9-2.pdf>
Package pdftex.def Info: code_files/figure-latex/unnamed-chunk-9-2.pdf  used on
 input line 4099.
(pdftex.def)             Requested size: 469.75386pt x 325.2142pt.

Underfull \hbox (badness 10000) in paragraph at lines 4098--4101
[][]
 []


Underfull \hbox (badness 10000) in paragraph at lines 4098--4101
[]
 []

[86] [87 <./code_files/figure-latex/unnamed-chunk-9-1.pdf>] [88 <./code_files/f
igure-latex/unnamed-chunk-9-2.pdf>] [89] [90] [91] [92] [93] [94] [95] [96] [97
] [98] [99] [100] [101] [102] [103] [104] [105] [106] [107] [108] [109] [110] [
111] [112] [113] [114] [115] [116] [117] [118] [119] [120] [121] [122] [123] [1
24] [125] [126] [127] [128] [129] [130] [131] [132] [133] [134] [135] [136] [13
7] [138] [139] [140] [141] [142] [143] [144] [145] [146] [147] [148] [149] [150
] [151] [152] [153] [154] [155] [156] [157] [158] [159] [160] [161] [162] [163]
[164] [165] [166] [167] [168] [169] [170] [171] [172] [173] [174] [175] [176] [
177] [178] [179] [180] [181] [182] [183] [184] [185] [186] [187] [188] [189] [1
90] [191] [192] [193] [194] [195] [196] [197] [198] [199] [200] [201] [202] [20
3] [204] [205] [206] [207] [208] [209] [210] [211] [212] [213] [214] [215] [216
] [217] [218] [219] [220] [221] [222] [223] [224] [225] [226] [227] [228] [229]
[230] [231] [232] [233] [234] [235] [236] [237] [238] [239] [240] [241] [242] [
243] [244] [245] [246] [247] [248] [249] [250] [251] [252] [253] [254] [255] [2
56] [257] [258] [259] [260] [261] [262] [263] [264] [265] [266] [267] [268] [26
9] [270] [271] [272] [273] [274] [275] [276] [277] [278] [279] [280] [281] [282
] [283] [284] [285] [286] [287] [288] [289] [290] [291] [292] [293] [294] [295]
[296] [297] [298] [299] [300] [301] [302] [303] [304] [305] [306] [307] [308] [
309] [310] [311] [312] [313] [314] [315] [316] [317] [318] [319]
<code_files/figure-latex/unnamed-chunk-12-1.pdf, id=1676, 469.755pt x 325.215pt
>
File: code_files/figure-latex/unnamed-chunk-12-1.pdf Graphic file (type pdf)
<use code_files/figure-latex/unnamed-chunk-12-1.pdf>
Package pdftex.def Info: code_files/figure-latex/unnamed-chunk-12-1.pdf  used o
n input line 16661.
(pdftex.def)             Requested size: 469.75386pt x 325.2142pt.
[320 <./code_files/figure-latex/unnamed-chunk-12-1.pdf>]
<code_files/figure-latex/unnamed-chunk-12-2.pdf, id=1687, 469.755pt x 325.215pt
>
File: code_files/figure-latex/unnamed-chunk-12-2.pdf Graphic file (type pdf)
<use code_files/figure-latex/unnamed-chunk-12-2.pdf>
Package pdftex.def Info: code_files/figure-latex/unnamed-chunk-12-2.pdf  used o
n input line 16711.
(pdftex.def)             Requested size: 469.75386pt x 325.2142pt.
<code_files/figure-latex/unnamed-chunk-12-3.pdf, id=1688, 469.755pt x 325.215pt
>
File: code_files/figure-latex/unnamed-chunk-12-3.pdf Graphic file (type pdf)
<use code_files/figure-latex/unnamed-chunk-12-3.pdf>
Package pdftex.def Info: code_files/figure-latex/unnamed-chunk-12-3.pdf  used o
n input line 16720.
(pdftex.def)             Requested size: 469.75386pt x 325.2142pt.
[321 <./code_files/figure-latex/unnamed-chunk-12-2.pdf>] [322 <./code_files/fig
ure-latex/unnamed-chunk-12-3.pdf>]
<code_files/figure-latex/unnamed-chunk-13-1.pdf, id=1710, 469.755pt x 325.215pt
>
File: code_files/figure-latex/unnamed-chunk-13-1.pdf Graphic file (type pdf)
<use code_files/figure-latex/unnamed-chunk-13-1.pdf>
Package pdftex.def Info: code_files/figure-latex/unnamed-chunk-13-1.pdf  used o
n input line 16814.
(pdftex.def)             Requested size: 469.75386pt x 325.2142pt.
[323] [324 <./code_files/figure-latex/unnamed-chunk-13-1.pdf>]
<code_files/figure-latex/unnamed-chunk-13-2.pdf, id=1725, 469.755pt x 325.215pt
>
File: code_files/figure-latex/unnamed-chunk-13-2.pdf Graphic file (type pdf)
<use code_files/figure-latex/unnamed-chunk-13-2.pdf>
Package pdftex.def Info: code_files/figure-latex/unnamed-chunk-13-2.pdf  used o
n input line 16864.
(pdftex.def)             Requested size: 469.75386pt x 325.2142pt.
<code_files/figure-latex/unnamed-chunk-13-3.pdf, id=1726, 469.755pt x 325.215pt
>
File: code_files/figure-latex/unnamed-chunk-13-3.pdf Graphic file (type pdf)
<use code_files/figure-latex/unnamed-chunk-13-3.pdf>
Package pdftex.def Info: code_files/figure-latex/unnamed-chunk-13-3.pdf  used o
n input line 16873.
(pdftex.def)             Requested size: 469.75386pt x 325.2142pt.
[325 <./code_files/figure-latex/unnamed-chunk-13-2.pdf>] [326 <./code_files/fig
ure-latex/unnamed-chunk-13-3.pdf>]
<code_files/figure-latex/unnamed-chunk-15-1.pdf, id=1748, 469.755pt x 325.215pt
>
File: code_files/figure-latex/unnamed-chunk-15-1.pdf Graphic file (type pdf)
<use code_files/figure-latex/unnamed-chunk-15-1.pdf>
Package pdftex.def Info: code_files/figure-latex/unnamed-chunk-15-1.pdf  used o
n input line 16947.
(pdftex.def)             Requested size: 469.75386pt x 325.2142pt.
[327] [328 <./code_files/figure-latex/unnamed-chunk-15-1.pdf>]
<code_files/figure-latex/unnamed-chunk-17-1.pdf, id=1764, 469.755pt x 325.215pt
>
File: code_files/figure-latex/unnamed-chunk-17-1.pdf Graphic file (type pdf)
<use code_files/figure-latex/unnamed-chunk-17-1.pdf>
Package pdftex.def Info: code_files/figure-latex/unnamed-chunk-17-1.pdf  used o
n input line 17022.
(pdftex.def)             Requested size: 469.75386pt x 325.2142pt.
[329] [330 <./code_files/figure-latex/unnamed-chunk-17-1.pdf>]
<code_files/figure-latex/unnamed-chunk-18-1.pdf, id=1780, 469.755pt x 325.215pt
>
File: code_files/figure-latex/unnamed-chunk-18-1.pdf Graphic file (type pdf)
<use code_files/figure-latex/unnamed-chunk-18-1.pdf>
Package pdftex.def Info: code_files/figure-latex/unnamed-chunk-18-1.pdf  used o
n input line 17066.
(pdftex.def)             Requested size: 469.75386pt x 325.2142pt.
<code_files/figure-latex/unnamed-chunk-18-2.pdf, id=1781, 469.755pt x 325.215pt
>
File: code_files/figure-latex/unnamed-chunk-18-2.pdf Graphic file (type pdf)
<use code_files/figure-latex/unnamed-chunk-18-2.pdf>
Package pdftex.def Info: code_files/figure-latex/unnamed-chunk-18-2.pdf  used o
n input line 17074.
(pdftex.def)             Requested size: 469.75386pt x 325.2142pt.
[331 <./code_files/figure-latex/unnamed-chunk-18-1.pdf>] [332 <./code_files/fig
ure-latex/unnamed-chunk-18-2.pdf>]
<code_files/figure-latex/unnamed-chunk-19-1.pdf, id=1802, 469.755pt x 325.215pt
>
File: code_files/figure-latex/unnamed-chunk-19-1.pdf Graphic file (type pdf)
<use code_files/figure-latex/unnamed-chunk-19-1.pdf>
Package pdftex.def Info: code_files/figure-latex/unnamed-chunk-19-1.pdf  used o
n input line 17119.
(pdftex.def)             Requested size: 469.75386pt x 325.2142pt.
[333 <./code_files/figure-latex/unnamed-chunk-19-1.pdf>] (./code.aux)
Package rerunfilecheck Info: File `code.out' has not changed.
(rerunfilecheck)             Checksum: B51E92BBA7AEB77B3A6E1E97E2FE6EC6;3932.
 ) 
Here is how much of TeX's memory you used:
 11841 strings out of 480962
 176561 string characters out of 5905990
 1157191 words of memory out of 5000000
 28389 multiletter control sequences out of 15000+600000
 449234 words of font info for 71 fonts, out of 8000000 for 9000
 14 hyphenation exceptions out of 8191
 71i,11n,74p,933b,469s stack positions out of 5000i,500n,10000p,200000b,80000s
{c:/Users/kewei/AppData/Roaming/TinyTeX/texmf-dist/fonts/enc/dvips/lm/lm-ec.e
nc}{c:/Users/kewei/AppData/Roaming/TinyTeX/texmf-dist/fonts/enc/dvips/lm/lm-ts1
.enc}{c:/Users/kewei/AppData/Roaming/TinyTeX/texmf-dist/fonts/enc/dvips/lm/lm-r
m.enc}{c:/Users/kewei/AppData/Roaming/TinyTeX/texmf-dist/fonts/enc/dvips/lm/lm-
mathsy.enc}{c:/Users/kewei/AppData/Roaming/TinyTeX/texmf-dist/fonts/enc/dvips/l
m/lm-mathit.enc}<c:/Users/kewei/AppData/Roaming/TinyTeX/texmf-dist/fonts/type1/
public/lm/lmbx10.pfb><c:/Users/kewei/AppData/Roaming/TinyTeX/texmf-dist/fonts/t
ype1/public/lm/lmbx12.pfb><c:/Users/kewei/AppData/Roaming/TinyTeX/texmf-dist/fo
nts/type1/public/lm/lmmi10.pfb><c:/Users/kewei/AppData/Roaming/TinyTeX/texmf-di
st/fonts/type1/public/lm/lmr10.pfb><c:/Users/kewei/AppData/Roaming/TinyTeX/texm
f-dist/fonts/type1/public/lm/lmr12.pfb><c:/Users/kewei/AppData/Roaming/TinyTeX/
texmf-dist/fonts/type1/public/lm/lmr17.pfb><c:/Users/kewei/AppData/Roaming/Tiny
TeX/texmf-dist/fonts/type1/public/lm/lmr7.pfb><c:/Users/kewei/AppData/Roaming/T
inyTeX/texmf-dist/fonts/type1/public/lm/lmri10.pfb><c:/Users/kewei/AppData/Roam
ing/TinyTeX/texmf-dist/fonts/type1/public/lm/lmsy7.pfb><c:/Users/kewei/AppData/
Roaming/TinyTeX/texmf-dist/fonts/type1/public/lm/lmtk10.pfb><c:/Users/kewei/App
Data/Roaming/TinyTeX/texmf-dist/fonts/type1/public/lm/lmtko10.pfb><c:/Users/kew
ei/AppData/Roaming/TinyTeX/texmf-dist/fonts/type1/public/lm/lmtt10.pfb><c:/User
s/kewei/AppData/Roaming/TinyTeX/texmf-dist/fonts/type1/public/lm/lmtti10.pfb>
Output written on code.pdf (333 pages, 4839913 bytes).
PDF statistics:
 1967 PDF objects out of 2073 (max. 8388607)
 1516 compressed objects within 16 object streams
 428 named destinations out of 1000 (max. 500000)
 405 words of extra memory for PDF output out of 10000 (max. 10000000)

